#
# There is insufficient memory for the Java Runtime Environment to continue.
# Native memory allocation (mmap) failed to map 134217728 bytes for Failed to commit area from 0x0000000081e00000 to 0x0000000089e00000 of length 134217728.
# Possible reasons:
#   The system is out of physical RAM or swap space
#   The process is running with CompressedOops enabled, and the Java Heap may be blocking the growth of the native heap
# Possible solutions:
#   Reduce memory load on the system
#   Increase physical memory or swap space
#   Check if swap backing store is full
#   Decrease Java heap size (-Xmx/-Xms)
#   Decrease number of Java threads
#   Decrease Java thread stack sizes (-Xss)
#   Set larger code cache with -XX:ReservedCodeCacheSize=
#   JVM is running with Unscaled Compressed Oops mode in which the Java heap is
#     placed in the first 4GB address space. The Java Heap base address is the
#     maximum limit for the native heap growth. Please use -XX:HeapBaseMinAddress
#     to set the Java Heap base and to place the Java Heap above 4GB virtual address.
# This output file may be truncated or incomplete.
#
#  Out of Memory Error (./open/src/hotspot/os/windows/os_windows.cpp:3315), pid=7988, tid=17088
#
# JRE version:  (14.0.2+12) (build )
# Java VM: OpenJDK 64-Bit Server VM (14.0.2+12-46, mixed mode, sharing, tiered, compressed oops, g1 gc, windows-amd64)
# No core dump will be written. Minidumps are not enabled by default on client versions of Windows
#

---------------  S U M M A R Y ------------

Command Line: -Dfile.encoding=Cp1252 -XX:+ShowCodeDetailsInExceptionMessages main.PrimeraClase

Host: Intel(R) Core(TM) i5-7200U CPU @ 2.50GHz, 4 cores, 7G,  Windows 10 , 64 bit Build 19041 (10.0.19041.546)
Time: Fri Nov 20 16:21:56 2020 Montevideo Standard Time elapsed time: 0 seconds (0d 0h 0m 0s)

---------------  T H R E A D  ---------------

Current thread (0x0000010f17bb7800):  JavaThread "Unknown thread" [_thread_in_vm, id=17088, stack(0x00000002d6c00000,0x00000002d6d00000)]

Stack: [0x00000002d6c00000,0x00000002d6d00000]
Native frames: (J=compiled Java code, j=interpreted, Vv=VM code, C=native code)
V  [jvm.dll+0x5f8a9a]
V  [jvm.dll+0x74247a]
V  [jvm.dll+0x743c2f]
V  [jvm.dll+0x744273]
V  [jvm.dll+0x20d288]
V  [jvm.dll+0x5f5dea]
V  [jvm.dll+0x5eac45]
V  [jvm.dll+0x2c7e9c]
V  [jvm.dll+0x2c7cd2]
V  [jvm.dll+0x2cdbbc]
V  [jvm.dll+0x313fe8]
V  [jvm.dll+0x313710]
V  [jvm.dll+0x2a092a]
V  [jvm.dll+0x2a1a79]
V  [jvm.dll+0x71fd48]
V  [jvm.dll+0x321c14]
V  [jvm.dll+0x70112c]
V  [jvm.dll+0x392def]
V  [jvm.dll+0x394e61]
C  [jli.dll+0x524b]
C  [ucrtbase.dll+0x214c2]
C  [KERNEL32.DLL+0x17034]
C  [ntdll.dll+0x4cec1]


---------------  P R O C E S S  ---------------

Threads class SMR info:
_java_thread_list=0x00007ffe7e123038, length=0, elements={
}

Java Threads: ( => current thread )

Other Threads:
  0x0000010f17bf9000 GCTaskThread "GC Thread#0" [stack: 0x00000002d6d00000,0x00000002d6e00000] [id=10208]
  0x0000010f17c0c000 ConcurrentGCThread "G1 Main Marker" [stack: 0x00000002d6e00000,0x00000002d6f00000] [id=17112]
  0x0000010f17c0f000 ConcurrentGCThread "G1 Conc#0" [stack: 0x00000002d6f00000,0x00000002d7000000] [id=18952]

[error occurred during error reporting (printing all threads), id 0xc0000005, EXCEPTION_ACCESS_VIOLATION (0xc0000005) at pc=0x00007ffe7d951257]

VM state:not at safepoint (not fully initialized)

VM Mutex/Monitor currently owned by a thread:  ([mutex/lock_event])
[0x0000010f17bb3620] Heap_lock - owner thread: 0x0000010f17bb7800

Heap address: 0x0000000081e00000, size: 2018 MB, Compressed Oops mode: 32-bit
Narrow klass base: 0x0000000000000000, Narrow klass shift: 0

GC Heap History (0 events):
No events

Deoptimization events (0 events):
No events

Classes unloaded (0 events):
No events

Classes redefined (0 events):
No events

Internal exceptions (0 events):
No events

Events (2 events):
Event: 0.009 Loaded shared library C:\Users\leandro\.p2\pool\plugins\org.eclipse.justj.openjdk.hotspot.jre.full.win32.x86_64_14.0.2.v20200815-0932\jre\bin\java.dll
Event: 0.009 Loaded shared library C:\Users\leandro\.p2\pool\plugins\org.eclipse.justj.openjdk.hotspot.jre.full.win32.x86_64_14.0.2.v20200815-0932\jre\bin\zip.dll


Dynamic libraries:
0x00007ff609470000 - 0x00007ff60947d000 	C:\Users\leandro\.p2\pool\plugins\org.eclipse.justj.openjdk.hotspot.jre.full.win32.x86_64_14.0.2.v20200815-0932\jre\bin\javaw.exe
0x00007ffeb4c70000 - 0x00007ffeb4e66000 	C:\WINDOWS\SYSTEM32\ntdll.dll
0x00007ffeb4070000 - 0x00007ffeb412d000 	C:\WINDOWS\System32\KERNEL32.DLL
0x00007ffeb2620000 - 0x00007ffeb28e8000 	C:\WINDOWS\System32\KERNELBASE.dll
0x00007ffeb23b0000 - 0x00007ffeb24b0000 	C:\WINDOWS\System32\ucrtbase.dll
0x00007ffea7d50000 - 0x00007ffea7d68000 	C:\Users\leandro\.p2\pool\plugins\org.eclipse.justj.openjdk.hotspot.jre.full.win32.x86_64_14.0.2.v20200815-0932\jre\bin\jli.dll
0x00007ffea7d30000 - 0x00007ffea7d45000 	C:\Users\leandro\.p2\pool\plugins\org.eclipse.justj.openjdk.hotspot.jre.full.win32.x86_64_14.0.2.v20200815-0932\jre\bin\VCRUNTIME140.dll
0x00007ffeb4a00000 - 0x00007ffeb4ba0000 	C:\WINDOWS\System32\USER32.dll
0x00007ffeb2920000 - 0x00007ffeb2942000 	C:\WINDOWS\System32\win32u.dll
0x00007ffeb4240000 - 0x00007ffeb426a000 	C:\WINDOWS\System32\GDI32.dll
0x00007ffe9f030000 - 0x00007ffe9f2cb000 	C:\WINDOWS\WinSxS\amd64_microsoft.windows.common-controls_6595b64144ccf1df_6.0.19041.488_none_ca04af081b815d21\COMCTL32.dll
0x00007ffeb2510000 - 0x00007ffeb2619000 	C:\WINDOWS\System32\gdi32full.dll
0x00007ffeb4270000 - 0x00007ffeb430e000 	C:\WINDOWS\System32\msvcrt.dll
0x00007ffeb2c30000 - 0x00007ffeb2ccd000 	C:\WINDOWS\System32\msvcp_win.dll
0x00007ffeb3cd0000 - 0x00007ffeb3d00000 	C:\WINDOWS\System32\IMM32.DLL
0x00007ffe8e910000 - 0x00007ffe8e9ab000 	C:\Users\leandro\.p2\pool\plugins\org.eclipse.justj.openjdk.hotspot.jre.full.win32.x86_64_14.0.2.v20200815-0932\jre\bin\msvcp140.dll
0x00007ffe7d6a0000 - 0x00007ffe7e1be000 	C:\Users\leandro\.p2\pool\plugins\org.eclipse.justj.openjdk.hotspot.jre.full.win32.x86_64_14.0.2.v20200815-0932\jre\bin\server\jvm.dll
0x00007ffeb4310000 - 0x00007ffeb43bc000 	C:\WINDOWS\System32\ADVAPI32.dll
0x00007ffeb31b0000 - 0x00007ffeb324b000 	C:\WINDOWS\System32\sechost.dll
0x00007ffeb48d0000 - 0x00007ffeb49f4000 	C:\WINDOWS\System32\RPCRT4.dll
0x00007ffeb4c20000 - 0x00007ffeb4c28000 	C:\WINDOWS\System32\PSAPI.DLL
0x00007ffeafd30000 - 0x00007ffeafd39000 	C:\WINDOWS\SYSTEM32\WSOCK32.dll
0x00007ffe9f480000 - 0x00007ffe9f4a7000 	C:\WINDOWS\SYSTEM32\WINMM.dll
0x00007ffeaabc0000 - 0x00007ffeaabca000 	C:\WINDOWS\SYSTEM32\VERSION.dll
0x00007ffeb4000000 - 0x00007ffeb406b000 	C:\WINDOWS\System32\WS2_32.dll
0x00007ffeb0300000 - 0x00007ffeb0312000 	C:\WINDOWS\SYSTEM32\kernel.appcore.dll
0x00007ffeacc10000 - 0x00007ffeacc1a000 	C:\Users\leandro\.p2\pool\plugins\org.eclipse.justj.openjdk.hotspot.jre.full.win32.x86_64_14.0.2.v20200815-0932\jre\bin\jimage.dll
0x00007ffe995e0000 - 0x00007ffe997c4000 	C:\WINDOWS\SYSTEM32\DBGHELP.DLL
0x00007ffe99320000 - 0x00007ffe9934c000 	C:\WINDOWS\SYSTEM32\dbgcore.DLL
0x00007ffeb2950000 - 0x00007ffeb29cf000 	C:\WINDOWS\System32\bcryptPrimitives.dll
0x00007ffe9cea0000 - 0x00007ffe9cec5000 	C:\Users\leandro\.p2\pool\plugins\org.eclipse.justj.openjdk.hotspot.jre.full.win32.x86_64_14.0.2.v20200815-0932\jre\bin\java.dll
0x00007ffeaca20000 - 0x00007ffeaca36000 	C:\Users\leandro\.p2\pool\plugins\org.eclipse.justj.openjdk.hotspot.jre.full.win32.x86_64_14.0.2.v20200815-0932\jre\bin\zip.dll

dbghelp: loaded successfully - version: 4.0.5 - missing functions: none
symbol engine: initialized successfully - sym options: 0x614 - pdb path: .;C:\Users\leandro\.p2\pool\plugins\org.eclipse.justj.openjdk.hotspot.jre.full.win32.x86_64_14.0.2.v20200815-0932\jre\bin;C:\WINDOWS\SYSTEM32;C:\WINDOWS\WinSxS\amd64_microsoft.windows.common-controls_6595b64144ccf1df_6.0.19041.488_none_ca04af081b815d21;C:\Users\leandro\.p2\pool\plugins\org.eclipse.justj.openjdk.hotspot.jre.full.win32.x86_64_14.0.2.v20200815-0932\jre\bin\server

VM Arguments:
jvm_args: -Dfile.encoding=Cp1252 -XX:+ShowCodeDetailsInExceptionMessages 
java_command: main.PrimeraClase
java_class_path (initial): C:\Users\leandro\Documents\java2\Java02\bin
Launcher Type: SUN_STANDARD

[Global flags]
     intx CICompilerCount                          = 3                                         {product} {ergonomic}
     uint ConcGCThreads                            = 1                                         {product} {ergonomic}
     uint G1ConcRefinementThreads                  = 4                                         {product} {ergonomic}
   size_t G1HeapRegionSize                         = 1048576                                   {product} {ergonomic}
    uintx GCDrainStackTargetSize                   = 64                                        {product} {ergonomic}
   size_t InitialHeapSize                          = 134217728                                 {product} {ergonomic}
   size_t MarkStackSize                            = 4194304                                   {product} {ergonomic}
   size_t MaxHeapSize                              = 2116026368                                {product} {ergonomic}
   size_t MinHeapDeltaBytes                        = 1048576                                   {product} {ergonomic}
   size_t MinHeapSize                              = 8388608                                   {product} {ergonomic}
    uintx NonNMethodCodeHeapSize                   = 5832780                                {pd product} {ergonomic}
    uintx NonProfiledCodeHeapSize                  = 122912730                              {pd product} {ergonomic}
    uintx ProfiledCodeHeapSize                     = 122912730                              {pd product} {ergonomic}
    uintx ReservedCodeCacheSize                    = 251658240                              {pd product} {ergonomic}
     bool SegmentedCodeCache                       = true                                      {product} {ergonomic}
     bool ShowCodeDetailsInExceptionMessages       = true                                   {manageable} {command line}
   size_t SoftMaxHeapSize                          = 2116026368                             {manageable} {ergonomic}
     bool UseCompressedClassPointers               = true                                 {lp64_product} {ergonomic}
     bool UseCompressedOops                        = true                                 {lp64_product} {ergonomic}
     bool UseG1GC                                  = true                                      {product} {ergonomic}
     bool UseLargePagesIndividualAllocation        = false                                  {pd product} {ergonomic}

Logging:
Log output configuration:
 #0: stdout all=warning uptime,level,tags
 #1: stderr all=off uptime,level,tags

Environment Variables:
PATH=C:/Users/leandro/.p2/pool/plugins/org.eclipse.justj.openjdk.hotspot.jre.full.win32.x86_64_14.0.2.v20200815-0932/jre/bin/server;C:/Users/leandro/.p2/pool/plugins/org.eclipse.justj.openjdk.hotspot.jre.full.win32.x86_64_14.0.2.v20200815-0932/jre/bin;C:\Program Files (x86)\Common Files\Oracle\Java\javapath;C:\Windows\system32;C:\Windows;C:\Windows\System32\Wbem;C:\Windows\System32\WindowsPowerShell\v1.0\;C:\Program Files (x86)\NVIDIA Corporation\PhysX\Common;C:\WINDOWS\system32;C:\WINDOWS;C:\WINDOWS\System32\Wbem;C:\WINDOWS\System32\WindowsPowerShell\v1.0\;C:\WINDOWS\System32\OpenSSH\;C:\MAMP\bin\php\php7.2.10;C:\composer;C:\Program Files (x86)\Ampps\php-7.1;C:\Program Files\Microsoft SQL Server\130\Tools\Binn\;C:\Program Files\Git\cmd;C:\Program Files\dotnet\;C:\Program Files\Java\jdk1.8.0_271\bin;C:\Users\leandro\AppData\Local\Microsoft\WindowsApps;C:\Users\leandro\AppData\Roaming\Composer\vendor\bin;C:\Users\leandro\.dotnet\tools;C:\WINDOWS\System32;
USERNAME=leandro
OS=Windows_NT
PROCESSOR_IDENTIFIER=Intel64 Family 6 Model 142 Stepping 9, GenuineIntel



---------------  S Y S T E M  ---------------

OS: Windows 10 , 64 bit Build 19041 (10.0.19041.546)
OS uptime: 0 days 23:01 hours

CPU:total 4 (initial active 4) (2 cores per cpu, 2 threads per core) family 6 model 142 stepping 9, cmov, cx8, fxsr, mmx, sse, sse2, sse3, ssse3, sse4.1, sse4.2, popcnt, avx, avx2, aes, clmul, erms, 3dnowpref, lzcnt, ht, tsc, tscinvbit, bmi1, bmi2, adx, fma

Memory: 4k page, system-wide physical 8067M (1651M free)
TotalPageFile size 23162M (AvailPageFile size 96M)
current process WorkingSet (physical memory assigned to process): 10M, peak: 10M
current process commit charge ("private bytes"): 51M, peak: 179M

vm_info: OpenJDK 64-Bit Server VM (14.0.2+12-46) for windows-amd64 JRE (14.0.2+12-46), built on Jul  9 2020 00:31:16 by "mach5one" with MS VC++ 15.9 (VS2017)

END.
